<?xml version="1.0" encoding="UTF-8"?>
<!-- Generated by org.testng.reporters.JUnitReportReporter -->
<testsuite hostname="kairosHW0404" failures="0" tests="1" name="HugsForBugs.Testcases.LoginAmazonpage" time="8.142" errors="0" timestamp="2023-06-12T15:54:49 IST" skipped="0">
  <testcase classname="HugsForBugs.Testcases.LoginAmazonpage" name="applaunch" time="8.142"/>
  <system-out/>
</testsuite> <!-- HugsForBugs.Testcases.LoginAmazonpage -->
