<?xml version="1.0" encoding="UTF-8"?>
<!-- Generated by org.testng.reporters.JUnitReportReporter -->
<testsuite hostname="kairosHW0404" failures="0" tests="1" name="HugsForBugs.Testcases.Loginpage" time="2.578" errors="0" timestamp="2023-06-12T11:40:57 IST" skipped="0">
  <testcase classname="HugsForBugs.Testcases.Loginpage" name="applaunch" time="2.578"/>
  <system-out/>
</testsuite> <!-- HugsForBugs.Testcases.Loginpage -->
