<?xml version="1.0" encoding="UTF-8"?>
<!-- Generated by org.testng.reporters.JUnitReportReporter -->
<testsuite hostname="kairosHW0404" failures="0" tests="3" name="HugsForBugs.Testcases.TC_003AddtoCart" time="16.763" errors="0" timestamp="2023-06-12T15:04:21 IST" skipped="0">
  <testcase classname="HugsForBugs.Testcases.TC_003AddtoCart" name="Addtocart" time="6.642"/>
  <system-out/>
  <testcase classname="HugsForBugs.Testcases.TC_003AddtoCart" name="product" time="7.575"/>
  <system-out/>
  <testcase classname="HugsForBugs.Testcases.TC_003AddtoCart" name="applaunch" time="2.546"/>
  <system-out/>
</testsuite> <!-- HugsForBugs.Testcases.TC_003AddtoCart -->
